D:\с ноута\Институт\CPP\KURS\DEBUG\KURS.EXE
D:\С НОУТА\ИНСТИТУТ\CPP\KURS\DEBUG\KURS.PDB
D:\с ноута\Институт\CPP\kurs\kurs\Debug\cl.command.1.tlog
D:\с ноута\Институт\CPP\kurs\kurs\Debug\CL.read.1.tlog
D:\с ноута\Институт\CPP\kurs\kurs\Debug\CL.write.1.tlog
D:\с ноута\Институт\CPP\KURS\KURS\DEBUG\FUN_CONSOLE.OBJ
D:\с ноута\Институт\CPP\kurs\kurs\Debug\kurs.exe.embed.manifest
D:\с ноута\Институт\CPP\KURS\KURS\DEBUG\KURS.EXE.EMBED.MANIFEST.RES
D:\с ноута\Институт\CPP\KURS\KURS\DEBUG\KURS.EXE.INTERMEDIATE.MANIFEST
D:\с ноута\Институт\CPP\KURS\KURS\DEBUG\KURS.OBJ
D:\с ноута\Институт\CPP\kurs\kurs\Debug\kurs.write.1.tlog
D:\с ноута\Институт\CPP\kurs\kurs\Debug\kurs_manifest.rc
D:\с ноута\Институт\CPP\kurs\kurs\Debug\link.command.1.tlog
D:\с ноута\Институт\CPP\kurs\kurs\Debug\link.read.1.tlog
D:\с ноута\Институт\CPP\kurs\kurs\Debug\link.write.1.tlog
D:\с ноута\Институт\CPP\KURS\KURS\DEBUG\MAIN_MENU.OBJ
D:\с ноута\Институт\CPP\kurs\kurs\Debug\mt.command.1.tlog
D:\с ноута\Институт\CPP\kurs\kurs\Debug\mt.read.1.tlog
D:\с ноута\Институт\CPP\kurs\kurs\Debug\mt.write.1.tlog
D:\с ноута\Институт\CPP\KURS\KURS\DEBUG\PRINT_VEC.OBJ
D:\с ноута\Институт\CPP\kurs\kurs\Debug\rc.command.1.tlog
D:\с ноута\Институт\CPP\kurs\kurs\Debug\rc.read.1.tlog
D:\с ноута\Институт\CPP\kurs\kurs\Debug\rc.write.1.tlog
D:\с ноута\Институт\CPP\kurs\kurs\Debug\vc100.idb
D:\С НОУТА\ИНСТИТУТ\CPP\KURS\KURS\DEBUG\VC100.PDB
D:\с ноута\Институт\CPP\KURS\KURS\DEBUG\WINDOW.OBJ
